#
# A fatal error has been detected by the Java Runtime Environment:
#
#  EXCEPTION_ACCESS_VIOLATION (0xc0000005) at pc=0x00007ff89becb5eb, pid=3068, tid=0x0000000000000e84
#
# JRE version: Java(TM) SE Runtime Environment (8.0_251-b08) (build 1.8.0_251-b08)
# Java VM: Java HotSpot(TM) 64-Bit Server VM (25.251-b08 mixed mode windows-amd64 compressed oops)
# Problematic frame:
# C  [ntdll.dll+0xab5eb]
#
# Failed to write core dump. Minidumps are not enabled by default on client versions of Windows
#
# If you would like to submit a bug report, please visit:
#   http://bugreport.java.com/bugreport/crash.jsp
# The crash happened outside the Java Virtual Machine in native code.
# See problematic frame for where to report the bug.
#

---------------  T H R E A D  ---------------

Current thread (0x0000000002d02800):  JavaThread "main" [_thread_in_native, id=3716, stack(0x0000000002aa0000,0x0000000002ba0000)]

siginfo: ExceptionCode=0xc0000005, writing address 0x000000000573b350

Registers:
RAX=0x005c003f003f005c, RBX=0x0000000000000008, RCX=0x000000000573b358, RDX=0x00007ff8967ed758
RSP=0x0000000002b9d508, RBP=0x00000000000000a8, RSI=0x0000000002b9d940, RDI=0x0000000000000000
R8 =0x0000000000000008, R9 =0x0000000000000000, R10=0x0000000000000002, R11=0x000000000573b350
R12=0x0000000000000000, R13=0x0000000000000000, R14=0x00007ff89bf20bd0, R15=0x0000000000000008
RIP=0x00007ff89becb5eb, EFLAGS=0x0000000000010246

Top of Stack: (sp=0x0000000002b9d508)
0x0000000002b9d508:   00007ff89be36ceb 00007ff89be80000
0x0000000002b9d518:   000000000000014a 0000000000f51b20
0x0000000002b9d528:   0000000000000016 0000000000000002
0x0000000002b9d538:   0000000009000009 000061b9a5014d00
0x0000000002b9d548:   0000000000000000 0000000000aa00a8
0x0000000002b9d558:   0000000000f51910 000000000573b350
0x0000000002b9d568:   0000000002b9d660 0000000000000002
0x0000000002b9d578:   0000000002b9d830 000000004b00014a
0x0000000002b9d588:   000000000000014a 0000000002000002
0x0000000002b9d598:   0000000000000101 000003ff02000002
0x0000000002b9d5a8:   0000004b00000001 0000000002b9d710
0x0000000002b9d5b8:   0000000002b9d6e8 0000000000000000
0x0000000002b9d5c8:   000000000000000a 0000000000000015
0x0000000002b9d5d8:   0000000000000010 0000000000000000
0x0000000002b9d5e8:   0000000000f202f8 00000000fffffecb
0x0000000002b9d5f8:   0000000002b9d638 00000000fffffebf 

Instructions: (pc=0x00007ff89becb5eb)
0x00007ff89becb5cb:   00 49 83 f8 4f 73 58 4d 8b c8 49 c1 e9 03 74 16
0x00007ff89becb5db:   0f 1f 44 00 00 48 8b 04 0a 48 83 c1 08 49 ff c9
0x00007ff89becb5eb:   48 89 41 f8 75 ef 49 83 e0 07 74 17 66 0f 1f 84
0x00007ff89becb5fb:   00 00 00 00 00 8a 04 0a 48 ff c1 49 ff c8 88 41 


Register to memory mapping:

RAX=0x005c003f003f005c is an unknown value
RBX=0x0000000000000008 is an unknown value
RCX=0x000000000573b358 is an unknown value
RDX=0x00007ff8967ed758 is an unknown value
RSP=0x0000000002b9d508 is pointing into the stack for thread: 0x0000000002d02800
RBP=0x00000000000000a8 is an unknown value
RSI=0x0000000002b9d940 is pointing into the stack for thread: 0x0000000002d02800
RDI=0x0000000000000000 is an unknown value
R8 =0x0000000000000008 is an unknown value
R9 =0x0000000000000000 is an unknown value
R10=0x0000000000000002 is an unknown value
R11=0x000000000573b350 is an unknown value
R12=0x0000000000000000 is an unknown value
R13=0x0000000000000000 is an unknown value
R14=0x00007ff89bf20bd0 is an unknown value
R15=0x0000000000000008 is an unknown value


Stack: [0x0000000002aa0000,0x0000000002ba0000],  sp=0x0000000002b9d508,  free space=1013k
Native frames: (J=compiled Java code, j=interpreted, Vv=VM code, C=native code)
C  [ntdll.dll+0xab5eb]
C  [ntdll.dll+0x16ceb]
C  [ntdll.dll+0xd0ff]
C  [ntdll.dll+0x94e9]
C  [ntdll.dll+0x92dc]
C  [ntdll.dll+0x11e79]
C  [ntdll.dll+0x119fe]
C  [ntdll.dll+0x10c44]
C  [KERNELBASE.dll+0x1c77f]
C  [KERNELBASE.dll+0x5faf1]
C  [KERNELBASE.dll+0x5faa9]
V  [jvm.dll+0x29d488]
V  [jvm.dll+0x18b039]
C  [java.dll+0x1c47]
C  0x0000000002e86827

Java frames: (J=compiled Java code, j=interpreted, Vv=VM code)
j  java.lang.ClassLoader$NativeLibrary.load(Ljava/lang/String;Z)V+0
j  java.lang.ClassLoader.loadLibrary0(Ljava/lang/Class;Ljava/io/File;)Z+328
j  java.lang.ClassLoader.loadLibrary(Ljava/lang/Class;Ljava/lang/String;Z)V+48
j  java.lang.Runtime.load0(Ljava/lang/Class;Ljava/lang/String;)V+57
j  java.lang.System.load(Ljava/lang/String;)V+7
j  com.sun.glass.utils.NativeLibLoader.loadLibraryFullPath(Ljava/lang/String;)V+342
j  com.sun.glass.utils.NativeLibLoader.loadLibraryInternal(Ljava/lang/String;)V+1
j  com.sun.glass.utils.NativeLibLoader.loadLibrary(Ljava/lang/String;)V+11
j  com.sun.javafx.tk.Toolkit.loadMSWindowsLibraries()V+19
j  com.sun.javafx.tk.Toolkit.getToolkit()Lcom/sun/javafx/tk/Toolkit;+16
j  com.sun.javafx.application.PlatformImpl.startup(Ljava/lang/Runnable;)V+68
j  com.sun.javafx.application.LauncherImpl.startToolkit()V+35
j  com.sun.javafx.application.LauncherImpl.launchApplicationWithArgs(Ljava/lang/String;Ljava/lang/String;[Ljava/lang/String;)V+0
j  com.sun.javafx.application.LauncherImpl.launchApplication(Ljava/lang/String;Ljava/lang/String;[Ljava/lang/String;)V+409
v  ~StubRoutines::call_stub
j  sun.reflect.NativeMethodAccessorImpl.invoke0(Ljava/lang/reflect/Method;Ljava/lang/Object;[Ljava/lang/Object;)Ljava/lang/Object;+0
j  sun.reflect.NativeMethodAccessorImpl.invoke(Ljava/lang/Object;[Ljava/lang/Object;)Ljava/lang/Object;+100
j  sun.reflect.DelegatingMethodAccessorImpl.invoke(Ljava/lang/Object;[Ljava/lang/Object;)Ljava/lang/Object;+6
j  java.lang.reflect.Method.invoke(Ljava/lang/Object;[Ljava/lang/Object;)Ljava/lang/Object;+56
j  sun.launcher.LauncherHelper$FXHelper.main([Ljava/lang/String;)V+52
v  ~StubRoutines::call_stub

---------------  P R O C E S S  ---------------

Java Threads: ( => current thread )
  0x0000000016a5e800 JavaThread "Service Thread" daemon [_thread_blocked, id=6416, stack(0x00000000171a0000,0x00000000172a0000)]
  0x0000000016a34000 JavaThread "C1 CompilerThread2" daemon [_thread_blocked, id=5236, stack(0x00000000170a0000,0x00000000171a0000)]
  0x00000000153bb000 JavaThread "C2 CompilerThread1" daemon [_thread_blocked, id=5240, stack(0x0000000016fa0000,0x00000000170a0000)]
  0x00000000153b8000 JavaThread "C2 CompilerThread0" daemon [_thread_blocked, id=5604, stack(0x0000000016ea0000,0x0000000016fa0000)]
  0x000000001539b000 JavaThread "Monitor Ctrl-Break" daemon [_thread_in_native, id=5904, stack(0x0000000016da0000,0x0000000016ea0000)]
  0x0000000015374000 JavaThread "Attach Listener" daemon [_thread_blocked, id=6876, stack(0x00000000168a0000,0x00000000169a0000)]
  0x0000000015373000 JavaThread "Signal Dispatcher" daemon [_thread_blocked, id=6504, stack(0x00000000167a0000,0x00000000168a0000)]
  0x0000000002df6000 JavaThread "Finalizer" daemon [_thread_blocked, id=4980, stack(0x00000000165c0000,0x00000000166c0000)]
  0x000000001535a000 JavaThread "Reference Handler" daemon [_thread_blocked, id=5384, stack(0x00000000164c0000,0x00000000165c0000)]
=>0x0000000002d02800 JavaThread "main" [_thread_in_native, id=3716, stack(0x0000000002aa0000,0x0000000002ba0000)]

Other Threads:
  0x0000000015338800 VMThread [stack: 0x00000000163c0000,0x00000000164c0000] [id=464]
  0x0000000016aa6800 WatcherThread [stack: 0x00000000172a0000,0x00000000173a0000] [id=3056]

VM state:not at safepoint (normal execution)

VM Mutex/Monitor currently owned by a thread: None

heap address: 0x00000000c3200000, size: 974 MB, Compressed Oops mode: 32-bit
Narrow klass base: 0x0000000000000000, Narrow klass shift: 3
Compressed class space size: 1073741824 Address: 0x0000000100000000

Heap:
 PSYoungGen      total 18432K, used 4860K [0x00000000ebb80000, 0x00000000ed000000, 0x0000000100000000)
  eden space 15872K, 30% used [0x00000000ebb80000,0x00000000ec03f098,0x00000000ecb00000)
  from space 2560K, 0% used [0x00000000ecd80000,0x00000000ecd80000,0x00000000ed000000)
  to   space 2560K, 0% used [0x00000000ecb00000,0x00000000ecb00000,0x00000000ecd80000)
 ParOldGen       total 42496K, used 0K [0x00000000c3200000, 0x00000000c5b80000, 0x00000000ebb80000)
  object space 42496K, 0% used [0x00000000c3200000,0x00000000c3200000,0x00000000c5b80000)
 Metaspace       used 4457K, capacity 5108K, committed 5248K, reserved 1056768K
  class space    used 503K, capacity 582K, committed 640K, reserved 1048576K

Card table byte_map: [0x0000000012230000,0x0000000012420000] byte_map_base: 0x0000000011c17000

Marking Bits: (ParMarkBitMap*) 0x00000000760daf90
 Begin Bits: [0x0000000012970000, 0x00000000138a8000)
 End Bits:   [0x00000000138a8000, 0x00000000147e0000)

Polling page: 0x0000000001220000

CodeCache: size=245760Kb used=1664Kb max_used=1664Kb free=244095Kb
 bounds [0x0000000002e70000, 0x00000000030e0000, 0x0000000011e70000]
 total_blobs=571 nmethods=298 adapters=187
 compilation: enabled

Compilation events (10 events):
Event: 0.624 Thread 0x0000000016a34000  294       1       java.io.File::getPrefixLength (5 bytes)
Event: 0.624 Thread 0x0000000016a34000 nmethod 294 0x0000000003008f90 code [0x00000000030090e0, 0x00000000030091f0]
Event: 0.625 Thread 0x0000000016a34000  295       3       java.io.WinNTFileSystem::prefixLength (91 bytes)
Event: 0.627 Thread 0x0000000016a34000 nmethod 295 0x000000000300f250 code [0x000000000300f440, 0x000000000300ffc8]
Event: 0.628 Thread 0x0000000016a34000  296       3       java.io.File::isInvalid (47 bytes)
Event: 0.629 Thread 0x0000000016a34000 nmethod 296 0x000000000300ebd0 code [0x000000000300ed40, 0x000000000300f168]
Event: 0.630 Thread 0x0000000016a34000  297  s    1       java.util.Vector::size (5 bytes)
Event: 0.631 Thread 0x0000000016a34000 nmethod 297 0x000000000300e790 code [0x000000000300e8e0, 0x000000000300eb50]
Event: 0.631 Thread 0x0000000016a34000  298  s    3       java.util.Vector::elementAt (48 bytes)
Event: 0.632 Thread 0x0000000016a34000 nmethod 298 0x0000000003010450 code [0x0000000003010660, 0x00000000030111e8]

GC Heap History (0 events):
No events

Deoptimization events (1 events):
Event: 0.602 Thread 0x0000000002d02800 Uncommon trap: reason=null_check action=make_not_entrant pc=0x0000000002f94d28 method=java.lang.String.equals(Ljava/lang/Object;)Z @ 8

Classes redefined (0 events):
No events

Internal exceptions (10 events):
Event: 0.070 Thread 0x0000000002d02800 Exception <a 'java/lang/NoSuchMethodError': Method sun.misc.Unsafe.defineClass(Ljava/lang/String;[BII)Ljava/lang/Class; name or signature does not match> (0x00000000ebb87cc0) thrown at [C:\jenkins\workspace\8-2-build-windows-amd64-cygwin\jdk8u251\737\hots
Event: 0.070 Thread 0x0000000002d02800 Exception <a 'java/lang/NoSuchMethodError': Method sun.misc.Unsafe.prefetchRead(Ljava/lang/Object;J)V name or signature does not match> (0x00000000ebb87fa8) thrown at [C:\jenkins\workspace\8-2-build-windows-amd64-cygwin\jdk8u251\737\hotspot\src\share\vm\p
Event: 0.475 Thread 0x0000000002d02800 Exception <a 'java/lang/NoSuchFieldError': method resolution failed> (0x00000000ebea77d0) thrown at [C:\jenkins\workspace\8-2-build-windows-amd64-cygwin\jdk8u251\737\hotspot\src\share\vm\prims\methodHandles.cpp, line 1167]
Event: 0.479 Thread 0x0000000002d02800 Exception <a 'java/lang/NoSuchFieldError': method resolution failed> (0x00000000ebeb53f0) thrown at [C:\jenkins\workspace\8-2-build-windows-amd64-cygwin\jdk8u251\737\hotspot\src\share\vm\prims\methodHandles.cpp, line 1167]
Event: 0.528 Thread 0x0000000002d02800 Exception <a 'java/security/PrivilegedActionException'> (0x00000000ebf62550) thrown at [C:\jenkins\workspace\8-2-build-windows-amd64-cygwin\jdk8u251\737\hotspot\src\share\vm\prims\jvm.cpp, line 1502]
Event: 0.528 Thread 0x0000000002d02800 Exception <a 'java/security/PrivilegedActionException'> (0x00000000ebf62760) thrown at [C:\jenkins\workspace\8-2-build-windows-amd64-cygwin\jdk8u251\737\hotspot\src\share\vm\prims\jvm.cpp, line 1502]
Event: 0.530 Thread 0x0000000002d02800 Exception <a 'java/security/PrivilegedActionException'> (0x00000000ebf66670) thrown at [C:\jenkins\workspace\8-2-build-windows-amd64-cygwin\jdk8u251\737\hotspot\src\share\vm\prims\jvm.cpp, line 1502]
Event: 0.530 Thread 0x0000000002d02800 Exception <a 'java/security/PrivilegedActionException'> (0x00000000ebf66880) thrown at [C:\jenkins\workspace\8-2-build-windows-amd64-cygwin\jdk8u251\737\hotspot\src\share\vm\prims\jvm.cpp, line 1502]
Event: 0.531 Thread 0x0000000002d02800 Exception <a 'java/lang/NullPointerException'> (0x00000000ebf67288) thrown at [C:\jenkins\workspace\8-2-build-windows-amd64-cygwin\jdk8u251\737\hotspot\src\share\vm\interpreter\linkResolver.cpp, line 1185]
Event: 0.602 Thread 0x0000000002d02800 Implicit null exception at 0x0000000002f94b55 to 0x0000000002f94d19

Events (10 events):
Event: 0.584 loading class java/lang/UnsupportedOperationException done
Event: 0.585 loading class com/sun/javafx/PlatformUtil
Event: 0.585 loading class com/sun/javafx/PlatformUtil done
Event: 0.602 Thread 0x0000000002d02800 Uncommon trap: trap_request=0xfffffff4 fr.pc=0x0000000002f94d28
Event: 0.602 Thread 0x0000000002d02800 DEOPT PACKING pc=0x0000000002f94d28 sp=0x0000000002b9e4a0
Event: 0.602 Thread 0x0000000002d02800 DEOPT UNPACKING pc=0x0000000002eb583b sp=0x0000000002b9e430 mode 2
Event: 0.602 loading class com/sun/glass/utils/NativeLibLoader
Event: 0.602 loading class com/sun/glass/utils/NativeLibLoader done
Event: 0.603 loading class java/lang/UnsatisfiedLinkError
Event: 0.603 loading class java/lang/UnsatisfiedLinkError done


Dynamic libraries:
0x00007ff6f0ee0000 - 0x00007ff6f0f17000 	C:\Program Files\Java\jdk1.8.0_251\bin\java.exe
0x00007ff89be20000 - 0x00007ff89bfe1000 	C:\Windows\SYSTEM32\ntdll.dll
0x00007ff89a0a0000 - 0x00007ff89a14d000 	C:\Windows\system32\KERNEL32.DLL
0x00007ff8986f0000 - 0x00007ff8988d8000 	C:\Windows\system32\KERNELBASE.dll
0x00007ff899ff0000 - 0x00007ff89a097000 	C:\Windows\system32\ADVAPI32.dll
0x00007ff8996d0000 - 0x00007ff89976d000 	C:\Windows\system32\msvcrt.dll
0x00007ff8999a0000 - 0x00007ff8999fb000 	C:\Windows\system32\sechost.dll
0x00007ff899b60000 - 0x00007ff899c7d000 	C:\Windows\system32\RPCRT4.dll
0x00007ff899840000 - 0x00007ff899996000 	C:\Windows\system32\USER32.dll
0x00007ff899d90000 - 0x00007ff899f17000 	C:\Windows\system32\GDI32.dll
0x00007ff8922f0000 - 0x00007ff892564000 	C:\Windows\WinSxS\amd64_microsoft.windows.common-controls_6595b64144ccf1df_6.0.10586.839_none_a2ddba30a539a2ae\COMCTL32.dll
0x00007ff899380000 - 0x00007ff8995fe000 	C:\Windows\system32\combase.dll
0x00007ff898fe0000 - 0x00007ff89904a000 	C:\Windows\system32\bcryptPrimitives.dll
0x00007ff89a150000 - 0x00007ff89a18b000 	C:\Windows\system32\IMM32.DLL
0x0000000076160000 - 0x0000000076232000 	C:\Program Files\Java\jdk1.8.0_251\jre\bin\msvcr100.dll
0x00000000758b0000 - 0x000000007615b000 	C:\Program Files\Java\jdk1.8.0_251\jre\bin\server\jvm.dll
0x00007ff8992d0000 - 0x00007ff8992d8000 	C:\Windows\system32\PSAPI.DLL
0x00007ff8966e0000 - 0x00007ff8966e9000 	C:\Windows\SYSTEM32\WSOCK32.dll
0x00007ff899f20000 - 0x00007ff899f8b000 	C:\Windows\system32\WS2_32.dll
0x00007ff896750000 - 0x00007ff896773000 	C:\Windows\SYSTEM32\WINMM.dll
0x00007ff890a30000 - 0x00007ff890a3a000 	C:\Windows\SYSTEM32\VERSION.dll
0x00007ff896720000 - 0x00007ff89674c000 	C:\Windows\SYSTEM32\WINMMBASE.dll
0x00007ff898640000 - 0x00007ff898683000 	C:\Windows\system32\cfgmgr32.dll
0x00007ff882550000 - 0x00007ff88255f000 	C:\Program Files\Java\jdk1.8.0_251\jre\bin\verify.dll
0x00007ff87ff70000 - 0x00007ff87ff99000 	C:\Program Files\Java\jdk1.8.0_251\jre\bin\java.dll
0x00007ff8772e0000 - 0x00007ff877303000 	C:\Program Files\Java\jdk1.8.0_251\jre\bin\instrument.dll
0x00007ff8823f0000 - 0x00007ff882406000 	C:\Program Files\Java\jdk1.8.0_251\jre\bin\zip.dll
0x00007ff89a8c0000 - 0x00007ff89be1c000 	C:\Windows\system32\SHELL32.dll
0x00007ff898990000 - 0x00007ff898fd5000 	C:\Windows\system32\windows.storage.dll
0x00007ff899f90000 - 0x00007ff899fe2000 	C:\Windows\system32\shlwapi.dll
0x00007ff898450000 - 0x00007ff89845f000 	C:\Windows\system32\kernel.appcore.dll
0x00007ff8984d0000 - 0x00007ff898585000 	C:\Windows\system32\shcore.dll
0x00007ff898480000 - 0x00007ff8984cb000 	C:\Windows\system32\powrprof.dll
0x00007ff898460000 - 0x00007ff898474000 	C:\Windows\system32\profapi.dll
0x00007ff880c60000 - 0x00007ff880c7a000 	C:\Program Files\JetBrains\IntelliJ IDEA Community Edition 2020.1.1\bin\breakgen64.dll
0x00007ff87c360000 - 0x00007ff87c37a000 	C:\Program Files\Java\jdk1.8.0_251\jre\bin\net.dll
0x00007ff897d70000 - 0x00007ff897dcc000 	C:\Windows\system32\mswsock.dll
0x0000000002e00000 - 0x0000000002e03000 	C:\Program Files\Java\jdk1.8.0_251\jre\bin\api-ms-win-core-console-l1-1-0.dll
0x0000000002e10000 - 0x0000000002e13000 	C:\Program Files\Java\jdk1.8.0_251\jre\bin\api-ms-win-core-datetime-l1-1-0.dll
0x0000000002e20000 - 0x0000000002e23000 	C:\Program Files\Java\jdk1.8.0_251\jre\bin\api-ms-win-core-debug-l1-1-0.dll
0x0000000002e30000 - 0x0000000002e33000 	C:\Program Files\Java\jdk1.8.0_251\jre\bin\api-ms-win-core-errorhandling-l1-1-0.dll
0x0000000002e40000 - 0x0000000002e44000 	C:\Program Files\Java\jdk1.8.0_251\jre\bin\api-ms-win-core-file-l1-1-0.dll
0x0000000002e50000 - 0x0000000002e53000 	C:\Program Files\Java\jdk1.8.0_251\jre\bin\api-ms-win-core-file-l1-2-0.dll
0x0000000017ba0000 - 0x0000000017ba3000 	C:\Program Files\Java\jdk1.8.0_251\jre\bin\api-ms-win-core-file-l2-1-0.dll
0x0000000017bb0000 - 0x0000000017bb3000 	C:\Program Files\Java\jdk1.8.0_251\jre\bin\api-ms-win-core-handle-l1-1-0.dll
0x0000000017bc0000 - 0x0000000017bc3000 	C:\Program Files\Java\jdk1.8.0_251\jre\bin\api-ms-win-core-heap-l1-1-0.dll
0x0000000017bd0000 - 0x0000000017bd3000 	C:\Program Files\Java\jdk1.8.0_251\jre\bin\api-ms-win-core-interlocked-l1-1-0.dll
0x0000000017be0000 - 0x0000000017be3000 	C:\Program Files\Java\jdk1.8.0_251\jre\bin\api-ms-win-core-libraryloader-l1-1-0.dll
0x0000000017bf0000 - 0x0000000017bf3000 	C:\Program Files\Java\jdk1.8.0_251\jre\bin\api-ms-win-core-localization-l1-2-0.dll
0x0000000017c00000 - 0x0000000017c03000 	C:\Program Files\Java\jdk1.8.0_251\jre\bin\api-ms-win-core-memory-l1-1-0.dll
0x0000000017c10000 - 0x0000000017c13000 	C:\Program Files\Java\jdk1.8.0_251\jre\bin\api-ms-win-core-namedpipe-l1-1-0.dll
0x0000000017c20000 - 0x0000000017c23000 	C:\Program Files\Java\jdk1.8.0_251\jre\bin\api-ms-win-core-processenvironment-l1-1-0.dll
0x0000000017c30000 - 0x0000000017c33000 	C:\Program Files\Java\jdk1.8.0_251\jre\bin\api-ms-win-core-processthreads-l1-1-0.dll
0x00007ff87e3f0000 - 0x00007ff87e57c000 	C:\Windows\SYSTEM32\dbghelp.dll

VM Arguments:
jvm_args: -javaagent:C:\Program Files\JetBrains\IntelliJ IDEA Community Edition 2020.1.1\lib\idea_rt.jar=49926:C:\Program Files\JetBrains\IntelliJ IDEA Community Edition 2020.1.1\bin -Dfile.encoding=UTF-8 
java_command: com.internshala.connect.mymain
java_class_path (initial): C:\Program Files\Java\jdk1.8.0_251\jre\lib\charsets.jar;C:\Program Files\Java\jdk1.8.0_251\jre\lib\deploy.jar;C:\Program Files\Java\jdk1.8.0_251\jre\lib\ext\access-bridge-64.jar;C:\Program Files\Java\jdk1.8.0_251\jre\lib\ext\cldrdata.jar;C:\Program Files\Java\jdk1.8.0_251\jre\lib\ext\dnsns.jar;C:\Program Files\Java\jdk1.8.0_251\jre\lib\ext\jaccess.jar;C:\Program Files\Java\jdk1.8.0_251\jre\lib\ext\jfxrt.jar;C:\Program Files\Java\jdk1.8.0_251\jre\lib\ext\localedata.jar;C:\Program Files\Java\jdk1.8.0_251\jre\lib\ext\nashorn.jar;C:\Program Files\Java\jdk1.8.0_251\jre\lib\ext\sunec.jar;C:\Program Files\Java\jdk1.8.0_251\jre\lib\ext\sunjce_provider.jar;C:\Program Files\Java\jdk1.8.0_251\jre\lib\ext\sunmscapi.jar;C:\Program Files\Java\jdk1.8.0_251\jre\lib\ext\sunpkcs11.jar;C:\Program Files\Java\jdk1.8.0_251\jre\lib\ext\zipfs.jar;C:\Program Files\Java\jdk1.8.0_251\jre\lib\javaws.jar;C:\Program Files\Java\jdk1.8.0_251\jre\lib\jce.jar;C:\Program Files\Java\jdk1.8.0_251\jre\lib\jfr.jar;C:\Program Files\Java\jdk1.8.0_251\jre\lib\jfxswt.jar;C:\Program Files\Java\jdk1.8.0_251\jre\lib\jsse.jar;C:\Program Files\Java\jdk1.8.0_251\jre\lib\management-agent.jar;C:\Program Files\Java\jdk1.8.0_251\jre\lib\plugin.jar;C:\Program Files\Java\jdk1.8.0_251\jre\lib\resources.jar;C:\Program Files\Java\jdk1.8.0_251\jre\lib\rt.jar;C:\Users\Tanuka\IdeaProjects\game\out\production\game;C:\Program Files\JetBrains\IntelliJ IDEA Community Edition 2020.1.1\lib\idea_rt.jar
Launcher Type: SUN_STANDARD

Environment Variables:
PATH=C:\Program Files (x86)\Common Files\Oracle\Java\javapath;C:\Windows\system32;C:\Windows;C:\Windows\System32\Wbem;C:\Windows\System32\WindowsPowerShell\v1.0\;C:\Program Files\Microsoft SQL Server\130\Tools\Binn\;C:\Program Files\dotnet\;C:\Program Files\Microsoft SQL Server\Client SDK\ODBC\170\Tools\Binn\;C:\Program Files (x86)\Microsoft SQL Server\150\Tools\Binn\;C:\Program Files\Microsoft SQL Server\150\Tools\Binn\;C:\Program Files\Microsoft SQL Server\150\DTS\Binn\;C:\Program Files\Java\jdk1.8.0_251\bin
USERNAME=Moumi
OS=Windows_NT
PROCESSOR_IDENTIFIER=Intel64 Family 6 Model 37 Stepping 5, GenuineIntel



---------------  S Y S T E M  ---------------

OS: Windows 10.0 , 64 bit Build 10586 (10.0.10586.589)

CPU:total 4 (initial active 4) (2 cores per cpu, 2 threads per core) family 6 model 37 stepping 5, cmov, cx8, fxsr, mmx, sse, sse2, sse3, ssse3, sse4.1, sse4.2, popcnt, ht, tsc, tscinvbit

Memory: 4k page, physical 3987260k(1384344k free), swap 5101372k(1407536k free)

vm_info: Java HotSpot(TM) 64-Bit Server VM (25.251-b08) for windows-amd64 JRE (1.8.0_251-b08), built on Mar 12 2020 06:31:49 by "" with MS VC++ 10.0 (VS2010)

time: Tue Jun 16 21:18:40 2020
timezone: India Standard Time
elapsed time: 0 seconds (0d 0h 0m 0s)

